<?xml version="1.0" encoding="UTF-8"?>
<!-- Generated by org.testng.reporters.JUnitReportReporter -->
<testsuite hostname="IVL-LP80" failures="0" tests="1" name="Speed" time="11.536" errors="0" timestamp="2021-02-15T17:41:59 IST" skipped="0">
  <testcase classname="Speed" name="Speedtest" time="11.536"/>
  <system-out/>
</testsuite> <!-- Speed -->
